Project path: D:\Music Production\ableton projects
Found Dirs: ['.git', '.gitignore', '.stfolder', '.stignore', '.stversions', 'Bongo Cat.webloc', '__Demo_tapes', '___Dimensions_', '____darkwave', '____guitarbeet', '____lightwave', '__acoustic tracks', '__dj mixes_', '__psychy rock  tracks', '__pycache__', '_beat incubator', '_chillwave 2011', '_electronic dance house', '_electronic dark haaus', '_electronic nova trans hous', '_remix edits cuts', '_witch house', 'ableton_projects.ipynb', 'ambient deafness Project', 'beet Project', 'cacsias jaam hot Project', 'chill guitar beats lekato Project', 'lekato loops Project', 'logs', 'music_production - Shortcut.lnk', 'parse_projects.log', 'parse_projects.ps1', 'parse_projects.py', 'sloppy new rav desk Project', 'start_notebook.ps1', 'start_notebook.sh', 'z__Maschine Format Projects', 'z__templates']
Skipping Dirs containing: ['.git', '.ipynb_checkpoints', '.stfolder', '.stversions', 'Ableton Project Info', 'Backup', 'Samples', 'old']
Loading projects in D:\Music Production\ableton projects.
 READING: ambient deafness
 READING: hopusry dance myx llops
 READING: impala 2
 READING: impala
 READING: keyboad stuff
 READING: trasncriptoi to midi
 READING: Untitled
 READING: beet
 READING: cacsias jaam hot
 READING: caiaso 32
 READING: chill guitar beats lekato
 READING: lekato loops
 READING: 2
 READING: anotert
 READING: sloppy new rav desk vox
 READING: template
 READING: new template
 READING: old template
 READING: zoom 2 ch template
 READING: 2021 mac13 template
 READING: a
 READING: bnchmark
 READING: current template
 READING: DJ4 live8 V01
 READING: garage rock template
 READING: gmusic in
 READING: Scene Changer
 READING: ool acoustic mic setup
 READING: stream soundflower
 READING: template_2020 2
 READING: template_2020
 READING: NEW YTEMPLATE
 READING: template_3-2022
 READING: zoom template
 READING: acostutic reverse rhythnb
 READING: bass crunch beat
 READING: acoustrunkv2
 READING: acoustrunkvo
 READING: boom bap +
 READING: burn it to the ground
 READING: piss drum bass loops
 READING: Untitled5
 READING: dubsteppy
 READING: ffat Beat [loops] +
 READING: future beat shy start
 READING: dong on titties trapp
 READING: glitchy synthy 2
 READING: haouse funk bass
 READING: hiphoppy dub
 READING: hop+sytth beat
 READING: housey slowed
 READING: immagrnt song
 READING: jazzzzz roads beatjam
 READING: lulby loops
 READING: mpc style stem
 READING: mustardy beet
 READING: rippin analog bass trak
 READING: saw beat
 READING: sword battle beat
 READING: synth beat fidyy mixdown
 READING: synth beat
 READING: LEX kit
 READING: upbeat loungehy 20
 READING: brady-tayjake-samples
 READING: drum beat jam
 READING: drum track improv 10
 READING: _machine beats
 READING: arp beat single track
 READING: jd jazzy wonk bet
 READING: 8 bit rmix bet
 READING: room samles eastern
 READING: beach boy
 READING: beachboy
 READING: bowie bass
 READING: hipohopy
 READING: Untitled
 READING: combo samples
 READING: devin rev chop Beats
 READING: Dubstep Wobble 2
 READING: Dubstep Wobble
 READING: elece comas you are  jam
 READING: Kinks Waterloo jam
 READING: oriental samples
 READING: paul mc bass beat
 READING: Pushin dope (Lou Reed vs Bill Cosby)
 READING: remix kg
 READING: trum kahled 10
 READING: Chillin Tough [chillwave][ loopset
 READING: chill kinda
 READING: chillwavey
 READING: mello loops upmix
 READING: mello loops
 READING: Chill HAy zee [Live] [loopset]
 READING: ohmy80s
 READING: synthy
 READING: detuned uk hous
 READING: dj
 READING: new bumpabumb
 READING: organic odwala faster 10
 READING: Fat synth beat [loops][cz100] [oranic]
 READING: kyle Jake funk [house][loops]
 READING: house jam;brady
 READING: JT dancee [loops]
 READING: marimba house
 READING: nudisco Dj
 READING: wip HISUA [loops]
 READING: Dance Beat [Loops]
 READING: dark house start wip
 READING: dancy dRUMS ALL DAY
 READING: shoort House Loops
 READING: + Victor Stoned synth jame
 READING: UntitledL
 READING: chill dark mike jake
 READING: slow daft mike2b
 READING: dark beat +
 READING: dark beat
 READING: deep house dancuy
 READING: dream beatjar
 READING: groovr 10
 READING: jarrey groove loops
 READING: Live Drum Machine Upbeat [Live Set] missing
 READING: ooowwwaay haus
 READING: slooow house mix
 READING: slooow house start [dj]
 READING: slow housy pluck
 READING: some synths loops
 READING: synth gorve
 READING: 'tohi Euro Upbeat 
 READING: Ambient Drone
 READING: blazin Trance slower
 READING: blazin Trance [Short Live Set]
 READING: Dance Set Live + LCD [Loops]
 READING: DEEphaus DJ
 READING: DEEphaus track
 READING: Seq. Bass Dance [Track + DJ Set] need Nerve
 READING: ultraNova Dance Loops [Track]
 READING: Beatles Flying
 READING: Black Panther feat Flaming Lips Zomby [Slowed]
 READING: Dj Set Original + Songs
 READING: Chillhop shuggie
 READING: cucuba
 READING: crying cume
 READING: elvis treat me mean and cuel
 READING: gypsy jazz
 READING: japbeat chop
 READING: nina beat
 READING: rodriguesed x kanye speak 2
 READING: soul sample
 READING: soul2 w beat
 READING: soul2
 READING: such chull
 READING: fatty
 READING: Tuff Unicorns [Slowed] 2
 READING: Untitledf
 READING: zepbe
 READING: dark cz100 [slow] [witch][loops] mixdown
 READING: dark cz100 [slow] [witch][loops]
 READING: Trance Drummedthed  Beat [Loop]
 READING: witch house style mixed
 READING: witch house style
 READING: chop 21
 READING: chop
 READING: witch house trap [DEMO] [Loops] [witch]
 READING: slow burner beat + guit
 READING: _witchr
 READING: gitin it all bad [beat][witch] [loops] 2
 READING: 80s Slow Burn [loops set]
 READING: slow burn mixdown
 READING: kyle and jake july
 READING: mixdown
 READING: 1tr Untitled jam
 READING: 2tr c em sky blue
 READING: 2tr dm am shuf
 READING: 2tr fm7 cm7 em am dreaem
 READING: 2tr gm cm f dm am thief cry
 READING: _acoustic jams sorted
 READING: acoustic jam psych demos
 READING: acoustic jam psych
 READING: aciustic mac feedback
 READING: long khooole
 READING: single trackpyshch new roume accoustic blah
 READING: Untitled
 READING: raintun blkuezy acoustic jam
 READING: drone acoustic hypnot
 READING: Untitled
 READING: western shffl
 READING: acoustic zoom 4 track am-em 3
 READING: room floor dual acoustics am-g-bm 3.5
 READING: 4tr fx acoustic--multi mic chorus jam 2
 READING: raw jam acoustic bed
 READING: strollin acoustic
 READING: _acoustic pop no-drum
 READING: Bright Acoustic Intro
 READING: Acoustic Hydros
 READING: Dark Islan Ukelele 
 READING: Green the color
 READING: surff classicaL sh
 READING: 1tr Untitled2
 READING: 1tr zoom_rec_acoustic_vox
 READING: 4-2022-movin
 READING: aocoustic jamm stairwell
 READING: Untitled acoustic zoom jam
 READING: acoustic jam
 READING: 1tr fx acoustic--chorus jam proj 22.3
 READING: 2 track acoustic
 READING: acosutice chill bunk acoustic make a plan
 READING: jam acoustic macbook13 mic
 READING: Acoustic jam 1track
 READING: acoustic_pixel b
 READING: acoustic_pixel
 READING: zoom acoustic jam
 READING: accssttiixx lofi
 READING: blkuezy acoustic jam
 READING: 2tr fx accoustic mics
 READING: 2tr fx acoustic--multi mic jamz
 READING: 2tr fx acoustic--slow zoom jam flangy
 READING: 2 track jam acoustic zbra downmix
 READING: 4 track jam acoustic zbra
 READING: acoustic bed jamms uncut
 READING: blues shhffl lounge downmixed
 READING: blues shhffl lounge
 READING: bluessy acoustic mics floor downmixed
 READING: bluessy acoustic mics floor
 READING: ehau sick jam 2tr
 READING: guitar vox loops downmixed
 READING: guitar vox loops
 READING: 2tr raw acoustic--jam proj 22 downmixed
 READING: 2tr raw acoustic--jam proj 22
 READING: 2tr raw acoustic--slow zoom jam 
 READING: zoom room jam
 READING: 4tr raw accoustic mics jazkm
 READING: acousitc jam nov2020
 READING: acoustic river
 READING: jam unciut
 READING: starewell aocusticf
 READING: _multi track jams acoustic
 READING: one track jams
 READING: _two track jams
 READING: 8 bit clean
 READING: beatles covers
 READING: casio james uncut
 READING: _casio demos
 READING: 460 Class EP
 READING: 461
 READING: _guitar pop beats_mixed
 READING: ian jake jam flattened
 READING: ian jake jame
 READING: b itch gowsays [Loops]
 READING: in de end ecocar
 READING: granular and trap beat experiment
 READING: MAO hus samples
 READING: turtle neck
 READING: mao roar of whorehaay
 READING: mao rosnr rosnr
 READING: rasnr 2
 READING: HHOOOWW SWAAY haus
 READING: Moonrocker Demoz
 READING: zoom_rec
 READING: all mixed vegitables 23
 READING: all mixed vegitables
 READING: rockabilly guitar loop
 READING: 1tr vox+guitar spacy sadshoom
 READING: 2 tr blusy strat jam uncut
 READING: doom bluz
 READING: doom bluz
 READING: sad jammm living romom
 READING: 2tr guitr funk leax
 READING: new roume jaamz
 READING: 2tr lubyy chill electric
 READING: 2tr verbby miced amp
 READING: headset bed jam
 READING: sad verse psych
 READING: guitar jam electic w drums
 READING: guitar live
 READING: slow dark garage jaaam
 READING: desk_2020
 READING: acoustic in lounge crap mic
 READING: 4tr psych dueling detuned guitard
 READING: acosutice chill bunnnnkuhh track
 READING: acosutice chill bunnnnkuhh
 READING: 50s salp
 READING: masch guit jam slop
 READING: physchy impala up beat guitar 
 READING: slide guiatar loop
 READING: _heavier demos
 READING: rock garage vox  acoustic edition
 READING: rock garage vox 
 READING: pop rock solo
 READING: bitcrush distortion jam 303
 READING: doom intro loops
 READING: death march
 READING: heavy 22
 READING: _psych demos
 READING: outer space pt2
 READING: Outer Space
 READING: acoustic sad vox
 READING: mell loops
 READING: psychccy acoust trip loops
 READING: high vox loops
 READING: trippy vox loops
 READING: _washed out guitar vox
 READING: Blazed Electric Guitar recorded
 READING: Chillllin tuf Vibe
 READING: chilltrip beat
 READING: Dowm Chill 'vErB up
 READING: Downtime Chill Vibe
 READING: pavemennt gsi
 READING: sloowdive a10 gsi
 READING: Vintage 60's Guitar + Organ Jam
 READING: 1
 READING: 2
 READING: 3
 READING: 4
 READING: 5
 READING: 6 + 7 Project
 READING: 8 space outro Copy
 READING: 8 space outro
 READING: Damnhi [loopset]
 READING: Dayumhii
 READING: jarryork 23
 READING: jarryork
 READING: portasynth
 READING: radiohead ChoPPED sCREWD 22
 READING: Drunk 419 - Slow Melo
 READING: dimension live remix 2
 READING: something
 READING: SpokoACIDsampler [song] [unmxd]
 READING: pad jam t
 READING: REGAE DUB
 READING: Night Hawk w Victor [Shitty]
 READING: dimensions and space 
 READING: dimensions and space 24
 READING: dimensions full 2022
 READING: dark jazz tirbal jams
 READING: dark noir
 READING: dark rav vox rodas
 READING: dark electric jam 3
 READING: dark synth song 3
 READING: dark synth wave jam
 READING: dark synth wave template
 READING: death flutes
 READING: traoppy
 READING: diviosn o joy
 READING: drum an bassd
 READING: makings of a jam
 READING: MORE of a jam
 READING: autotune sad minor guitar
 READING: beat with guitar nior
 READING: dark electtro slow start
 READING: chill dead synths and crunch 2
 READING: funky synth bass
 READING: guitarsolo erie tape stuck loop
 READING: beat jam sombr
 READING: Ryan Live samples
 READING: weord
 READING: chill guitar track
 READING: loose acousitc distorted vox loop jam
 READING: slow drama guti
 READING: slojimi jam
 READING: beat to jam to
 READING: chill synth and crunch 2
 READING: funky
 READING: grooeeevnen track
 READING: grooeeevnen
 READING: chll loops
 READING: jazzy chorus pancholl
 READING: jazzy raven sad mopy vox
 READING: psych rock jam beat
 READING: happy loops + gui
 READING: happy loops
 READING: roads and drum pop w guit
 READING: chorus guit
 READING: sad post emo faze loops
 READING: sgal
 READING: Untitled
 READING: slopp jam
 READING: _electric jazzy beat demos +bs
 READING: _electric jazzy beat demos
 READING: hazzy chill
 READING: JAZZ mac
 READING: jazzy lopos
 READING: loaunge chill j a10 gsi
 READING: psych guiTarr beat
 READING: billi pepp 90s rock
 READING: funktata jam
 READING: funky jam abstxt
 READING: Untitled w bas
 READING: jam
 READING: back track
 READING: dist grove jam 2
 READING: dist grove jam 3
 READING: distorted psych guitars jam
 READING: guitar jam
 READING: motoroik psych jam
 READING: rnb guitar smuth jam
 READING: sakey chillzz
 READING: surfy ballad
 READING: chorusie guitar chillin beat
 READING: posrock rainy day
 READING: synth guitat
 READING: electric groove loops
 READING: guitar trappy;brady
 READING:  funky vibe track
 READING:  funky vibe
 READING: asd hopyp dirt guitars
 READING: elct discoie jam loops
 READING: funky smoov
 READING: guiatr groozin beat
 READING: rainy day2
 READING: surf rokck loops
 READING: guitarrig jammz
 READING: da slyguy
 READING: surfy danc track +
 READING: house acoustic jam
 READING: surfy loops grove kubourn +
 READING: surfy loops grove kubourn 
 READING: addon
 READING: elecytric loopps
 READING: lossey loops elec guitar
 READING: funky rata jam4
 READING: soul hiphoppy guitar jam 2
 READING: soul hiphoppy guitar trackk 2
 READING: soul hiphoppy guitar
 READING: electric nuel yugn pep
 READING: guitar beat themes b
 READING: guitar beat themes jamms
 READING: guitar beat themes
 READING: ind bass part 2+
 READING: surf blues wip
 READING: acoustic lofi mac  jam
 READING: raw outdoor porch
 READING: summa time
 READING: vox acoustic
 READING: dubler vox pick
 READING: template
 READING: template 12
 READING: acoustic bluesky loop
 READING: _acoustic beats demos
 READING: accousric shuffl
 READING: accoustic beat shuff
 READING: acostu phasy birds all
 READING: acoudstic jame shuffle
 READING: acoustic groove
 READING: Untitled another
 READING: acoustic popsicl
 READING: acoustic no drums tracks
 READING: acoustic dream b
 READING: accousti tribe drumjam a10
 READING: accoustic beat groovin
 READING: accoustic beat shuff
 READING: acousti guitr 
 READING: acoustic mini
 READING: acoustic peace
 READING: lofi accoustic psych
 READING: Maggots Chill
 READING: watching fish
 READING: stellin acostice bass loops
 READING: bored can da jam2+
 READING: brady-jake jam +extra day 2
 READING: brady-jake jam 0
 READING: broken fluit fly 2
 READING: syanth lopops
 READING: chill down beat - brady
 READING: chill landiong +guti
 READING: chillish srf juno wave
 READING: chi;lly fuunkyjam3b
 READING: chi;lly fuunkyjam3bx + end
 READING: chlwayv beat guitr
 READING: drewamy psych gutar'
 READING: drewamy psych gutar'3
 READING: lite loops B+
 READING: lite loops B
 READING: lite loops
 READING: chillwavey
 READING: zelda pod
Loaded 466 projects with 0 errors in 55.03 seconds.

Ableton Versions:
{
    "10.0": 225,
    "11.0": 231,
    "12.0": 10
}

Creation Years:
{
    "2019": 49,
    "2020": 37,
    "2021": 72,
    "2022": 193,
    "2023": 90,
    "2024": 25
}

Last Modified Years:
{
    "2018": 21,
    "2019": 86,
    "2020": 45,
    "2021": 48,
    "2022": 155,
    "2023": 85,
    "2024": 26
}

Track Counts:
{
    "2": 26,
    "3": 31,
    "4": 35,
    "5": 63,
    "6": 44,
    "7": 49,
    "8": 38,
    "9": 44,
    "10": 19,
    "11": 23,
    "12": 19,
    "13": 16,
    "14": 8,
    "15": 6,
    "16": 5,
    "17": 4,
    "18": 4,
    "19": 2,
    "20": 5,
    "21": 2,
    "22": 2,
    "23": 2,
    "25": 2,
    "26": 3,
    "27": 1,
    "28": 2,
    "30": 1,
    "31": 3,
    "33": 3,
    "34": 1,
    "36": 1,
    "37": 1,
    "41": 1
}

Track Types:
{
    "AudioTrack": 2061,
    "GroupTrack": 179,
    "MasterTrack": 456,
    "MidiTrack": 909,
    "ReturnTrack": 454
}

Device Types:
{
    "Amp": 6,
    "AuPluginDevice": 71,
    "AudioEffectGroupDevice": 367,
    "AutoFilter": 265,
    "AutoPan": 81,
    "BeatRepeat": 89,
    "Chorus": 25,
    "Collision": 4,
    "Compressor2": 485,
    "Corpus": 9,
    "CrossDelay": 38,
    "Delay": 160,
    "DrumGroupDevice": 184,
    "Echo": 67,
    "Eq8": 730,
    "FilterDelay": 7,
    "FilterEQ3": 7,
    "Flanger": 36,
    "FrequencyShifter": 2,
    "Gate": 74,
    "GlueCompressor": 102,
    "GrainDelay": 9,
    "InstrumentGroupDevice": 139,
    "InstrumentImpulse": 36,
    "InstrumentVector": 2,
    "Limiter": 28,
    "Looper": 3,
    "LoungeLizard": 7,
    "MidiArpeggiator": 59,
    "MidiChord": 7,
    "MidiPitcher": 7,
    "MidiRandom": 1,
    "MidiScale": 10,
    "MidiVelocity": 2,
    "MultiSampler": 38,
    "MultibandDynamics": 16,
    "MxDeviceAudioEffect": 2,
    "MxDeviceInstrument": 2,
    "Operator": 23,
    "OriginalSimpler": 26,
    "Overdrive": 13,
    "Phaser": 27,
    "PhaserNew": 8,
    "PingPongDelay": 7,
    "PluginDevice": 1259,
    "Redux": 4,
    "Resonator": 5,
    "Reverb": 300,
    "Saturator": 7,
    "SpectrumAnalyzer": 9,
    "StereoGain": 289,
    "StringStudio": 7,
    "Tube": 11,
    "Tuner": 14,
    "UltraAnalog": 24,
    "Vocoder": 1
}

Plugins Vst:
{
    "Absynth 5": 1,
    "AmpliTube 4": 8,
    "Bite": 2,
    "Decimort2": 1,
    "Dirt": 18,
    "Driver": 5,
    "Drumazon": 5,
    "GS-201": 10,
    "Guitar Rig 5": 396,
    "Guitar Rig 6": 15,
    "Komplete Kontrol": 143,
    "LexPlate": 1,
    "Lounge Lizard EP-4": 1,
    "LuSH-101": 3,
    "Maschine 2": 181,
    "Microtonic": 4,
    "MonoPoly": 3,
    "Nerve": 1,
    "Neutron 3": 3,
    "Ozone Pro": 30,
    "Ozone Pro Imager": 1,
    "Phasis": 2,
    "Phoscyon": 3,
    "Polysix": 1,
    "PunchBox": 2,
    "RC 24": 3,
    "RC 48": 2,
    "Reaktor 6": 1,
    "Reaktor 6 FX": 42,
    "Solid Bus Comp": 44,
    "Syntorus": 1,
    "TAL-Chorus-LX": 23,
    "TAL-U-No-62": 3,
    "Tal-Chorus-LX": 16,
    "Tal-Dub-X": 2,
    "Toraverb": 28,
    "Toraverb2": 1,
    "ValhallaRoom": 8,
    "Zebra2": 6,
    "iZotope Alloy 2": 17,
    "iZotope Insight": 3,
    "iZotope Nectar 2": 4,
    "iZotope Ozone 5": 189,
    "iZotope Ozone 5 Equalizer": 3,
    "iZotope Ozone 5 Imager": 6,
    "iZotope Ozone 5 Reverb": 7,
    "iZotope Stutter Edit": 9,
    "tal-u-no-lx-v2": 1
}

Plugins Au:
{
    "Crystallizer": 3,
    "GS-201": 37,
    "Komplete Kontrol": 1,
    "Maschine 2": 1,
    "Massive": 2,
    "Neutron 4": 23,
    "iZotope Nectar 2": 3,
    "iZotope Ozone 5": 1
}
Saving json: logs/counters.json.
Caching project info to logs/
Saving project_info from 2024-11-29 22:02:04.
